<?xml version="1.0" encoding="UTF-8"?>
<coverage generated="1624798501351" clover="3.2.0">
  <project timestamp="1624798501352" name="All files">
    <metrics statements="2" coveredstatements="2" conditionals="0" coveredconditionals="0" methods="2" coveredmethods="2" elements="4" coveredelements="4" complexity="0" loc="2" ncloc="2" packages="1" files="1" classes="1"/>
    <file name="app.js" path="C:\Users\dinya\OneDrive\Рабочий стол\Netology\Ajs-homeworks\Unit-test\Matchers\src\js\app.js">
      <metrics statements="2" coveredstatements="2" conditionals="0" coveredconditionals="0" methods="2" coveredmethods="2"/>
      <line num="2" count="3" type="stmt"/>
      <line num="4" count="1" type="stmt"/>
    </file>
  </project>
</coverage>
