{"C:\\Users\\dinya\\OneDrive\\Рабочий стол\\Netology\\Ajs-homeworks\\Unit-test\\Matchers\\src\\js\\app.js": {"path":"C:\\Users\\dinya\\OneDrive\\Рабочий стол\\Netology\\Ajs-homeworks\\Unit-test\\Matchers\\src\\js\\app.js","statementMap":{"0":{"start":{"line":2,"column":21},"end":{"line":2,"column":76}},"1":{"start":{"line":2,"column":56},"end":{"line":2,"column":75}},"2":{"start":{"line":4,"column":2},"end":{"line":4,"column":20}}},"fnMap":{"0":{"name":"comparisonHealth","decl":{"start":{"line":1,"column":24},"end":{"line":1,"column":40}},"loc":{"start":{"line":1,"column":47},"end":{"line":5,"column":1}},"line":1},"1":{"name":"(anonymous_1)","decl":{"start":{"line":2,"column":46},"end":{"line":2,"column":47}},"loc":{"start":{"line":2,"column":56},"end":{"line":2,"column":75}},"line":2}},"branchMap":{},"s":{"0":2,"1":6,"2":2},"f":{"0":2,"1":6},"b":{},"_coverageSchema":"1a1c01bbd47fc00a2c39e90264f33305004495a9","hash":"c5c9dac2ce2e58075a57c23a457cf7420b5dbf2d"}
}
